  318048857_PRACTICA1_GPO6.cpp
D:\USUARIO\DOCUMENTOS_MECANICO\Facultad de ingenieria\Séptimo semestre\Lab Computación gráfica\Practica1\Practica11\318048857_PRACTICA1_GPO6.cpp(61,4): warning C4305: 'inicializando': truncamiento de 'double' a 'float'
D:\USUARIO\DOCUMENTOS_MECANICO\Facultad de ingenieria\Séptimo semestre\Lab Computación gráfica\Practica1\Practica11\318048857_PRACTICA1_GPO6.cpp(62,4): warning C4305: 'inicializando': truncamiento de 'double' a 'float'
D:\USUARIO\DOCUMENTOS_MECANICO\Facultad de ingenieria\Séptimo semestre\Lab Computación gráfica\Practica1\Practica11\318048857_PRACTICA1_GPO6.cpp(62,8): warning C4305: 'inicializando': truncamiento de 'double' a 'float'
D:\USUARIO\DOCUMENTOS_MECANICO\Facultad de ingenieria\Séptimo semestre\Lab Computación gráfica\Practica1\Practica11\318048857_PRACTICA1_GPO6.cpp(63,4): warning C4305: 'inicializando': truncamiento de 'double' a 'float'
D:\USUARIO\DOCUMENTOS_MECANICO\Facultad de ingenieria\Séptimo semestre\Lab Computación gráfica\Practica1\Practica11\318048857_PRACTICA1_GPO6.cpp(63,9): warning C4305: 'inicializando': truncamiento de 'double' a 'float'
D:\USUARIO\DOCUMENTOS_MECANICO\Facultad de ingenieria\Séptimo semestre\Lab Computación gráfica\Practica1\Practica11\318048857_PRACTICA1_GPO6.cpp(64,4): warning C4305: 'inicializando': truncamiento de 'double' a 'float'
D:\USUARIO\DOCUMENTOS_MECANICO\Facultad de ingenieria\Séptimo semestre\Lab Computación gráfica\Practica1\Practica11\318048857_PRACTICA1_GPO6.cpp(64,9): warning C4305: 'inicializando': truncamiento de 'double' a 'float'
D:\USUARIO\DOCUMENTOS_MECANICO\Facultad de ingenieria\Séptimo semestre\Lab Computación gráfica\Practica1\Practica11\318048857_PRACTICA1_GPO6.cpp(65,4): warning C4305: 'inicializando': truncamiento de 'double' a 'float'
D:\USUARIO\DOCUMENTOS_MECANICO\Facultad de ingenieria\Séptimo semestre\Lab Computación gráfica\Practica1\Practica11\318048857_PRACTICA1_GPO6.cpp(66,4): warning C4305: 'inicializando': truncamiento de 'double' a 'float'
D:\USUARIO\DOCUMENTOS_MECANICO\Facultad de ingenieria\Séptimo semestre\Lab Computación gráfica\Practica1\Practica11\318048857_PRACTICA1_GPO6.cpp(66,9): warning C4305: 'inicializando': truncamiento de 'double' a 'float'
D:\USUARIO\DOCUMENTOS_MECANICO\Facultad de ingenieria\Séptimo semestre\Lab Computación gráfica\Practica1\Practica11\318048857_PRACTICA1_GPO6.cpp(68,3): warning C4305: 'inicializando': truncamiento de 'double' a 'float'
D:\USUARIO\DOCUMENTOS_MECANICO\Facultad de ingenieria\Séptimo semestre\Lab Computación gráfica\Practica1\Practica11\318048857_PRACTICA1_GPO6.cpp(68,8): warning C4305: 'inicializando': truncamiento de 'double' a 'float'
D:\USUARIO\DOCUMENTOS_MECANICO\Facultad de ingenieria\Séptimo semestre\Lab Computación gráfica\Practica1\Practica11\318048857_PRACTICA1_GPO6.cpp(69,3): warning C4305: 'inicializando': truncamiento de 'double' a 'float'
D:\USUARIO\DOCUMENTOS_MECANICO\Facultad de ingenieria\Séptimo semestre\Lab Computación gráfica\Practica1\Practica11\318048857_PRACTICA1_GPO6.cpp(69,8): warning C4305: 'inicializando': truncamiento de 'double' a 'float'
D:\USUARIO\DOCUMENTOS_MECANICO\Facultad de ingenieria\Séptimo semestre\Lab Computación gráfica\Practica1\Practica11\318048857_PRACTICA1_GPO6.cpp(70,3): warning C4305: 'inicializando': truncamiento de 'double' a 'float'
D:\USUARIO\DOCUMENTOS_MECANICO\Facultad de ingenieria\Séptimo semestre\Lab Computación gráfica\Practica1\Practica11\318048857_PRACTICA1_GPO6.cpp(71,3): warning C4305: 'inicializando': truncamiento de 'double' a 'float'
D:\USUARIO\DOCUMENTOS_MECANICO\Facultad de ingenieria\Séptimo semestre\Lab Computación gráfica\Practica1\Practica11\318048857_PRACTICA1_GPO6.cpp(73,4): warning C4305: 'inicializando': truncamiento de 'double' a 'float'
D:\USUARIO\DOCUMENTOS_MECANICO\Facultad de ingenieria\Séptimo semestre\Lab Computación gráfica\Practica1\Practica11\318048857_PRACTICA1_GPO6.cpp(73,9): warning C4305: 'inicializando': truncamiento de 'double' a 'float'
D:\USUARIO\DOCUMENTOS_MECANICO\Facultad de ingenieria\Séptimo semestre\Lab Computación gráfica\Practica1\Practica11\318048857_PRACTICA1_GPO6.cpp(74,4): warning C4305: 'inicializando': truncamiento de 'double' a 'float'
D:\USUARIO\DOCUMENTOS_MECANICO\Facultad de ingenieria\Séptimo semestre\Lab Computación gráfica\Practica1\Practica11\318048857_PRACTICA1_GPO6.cpp(74,9): warning C4305: 'inicializando': truncamiento de 'double' a 'float'
D:\USUARIO\DOCUMENTOS_MECANICO\Facultad de ingenieria\Séptimo semestre\Lab Computación gráfica\Practica1\Practica11\318048857_PRACTICA1_GPO6.cpp(75,4): warning C4305: 'inicializando': truncamiento de 'double' a 'float'
D:\USUARIO\DOCUMENTOS_MECANICO\Facultad de ingenieria\Séptimo semestre\Lab Computación gráfica\Practica1\Practica11\318048857_PRACTICA1_GPO6.cpp(75,10): warning C4305: 'inicializando': truncamiento de 'double' a 'float'
D:\USUARIO\DOCUMENTOS_MECANICO\Facultad de ingenieria\Séptimo semestre\Lab Computación gráfica\Practica1\Practica11\318048857_PRACTICA1_GPO6.cpp(76,4): warning C4305: 'inicializando': truncamiento de 'double' a 'float'
D:\USUARIO\DOCUMENTOS_MECANICO\Facultad de ingenieria\Séptimo semestre\Lab Computación gráfica\Practica1\Practica11\318048857_PRACTICA1_GPO6.cpp(76,10): warning C4305: 'inicializando': truncamiento de 'double' a 'float'
D:\USUARIO\DOCUMENTOS_MECANICO\Facultad de ingenieria\Séptimo semestre\Lab Computación gráfica\Practica1\Practica11\318048857_PRACTICA1_GPO6.cpp(78,3): warning C4305: 'inicializando': truncamiento de 'double' a 'float'
D:\USUARIO\DOCUMENTOS_MECANICO\Facultad de ingenieria\Séptimo semestre\Lab Computación gráfica\Practica1\Practica11\318048857_PRACTICA1_GPO6.cpp(78,9): warning C4305: 'inicializando': truncamiento de 'double' a 'float'
D:\USUARIO\DOCUMENTOS_MECANICO\Facultad de ingenieria\Séptimo semestre\Lab Computación gráfica\Practica1\Practica11\318048857_PRACTICA1_GPO6.cpp(79,3): warning C4305: 'inicializando': truncamiento de 'double' a 'float'
D:\USUARIO\DOCUMENTOS_MECANICO\Facultad de ingenieria\Séptimo semestre\Lab Computación gráfica\Practica1\Practica11\318048857_PRACTICA1_GPO6.cpp(79,9): warning C4305: 'inicializando': truncamiento de 'double' a 'float'
D:\USUARIO\DOCUMENTOS_MECANICO\Facultad de ingenieria\Séptimo semestre\Lab Computación gráfica\Practica1\Practica11\318048857_PRACTICA1_GPO6.cpp(80,3): warning C4305: 'inicializando': truncamiento de 'double' a 'float'
D:\USUARIO\DOCUMENTOS_MECANICO\Facultad de ingenieria\Séptimo semestre\Lab Computación gráfica\Practica1\Practica11\318048857_PRACTICA1_GPO6.cpp(80,9): warning C4305: 'inicializando': truncamiento de 'double' a 'float'
D:\USUARIO\DOCUMENTOS_MECANICO\Facultad de ingenieria\Séptimo semestre\Lab Computación gráfica\Practica1\Practica11\318048857_PRACTICA1_GPO6.cpp(81,3): warning C4305: 'inicializando': truncamiento de 'double' a 'float'
D:\USUARIO\DOCUMENTOS_MECANICO\Facultad de ingenieria\Séptimo semestre\Lab Computación gráfica\Practica1\Practica11\318048857_PRACTICA1_GPO6.cpp(81,9): warning C4305: 'inicializando': truncamiento de 'double' a 'float'
  LINK : no se encontró D:\USUARIO\DOCUMENTOS_MECANICO\Facultad de ingenieria\Séptimo semestre\Lab Computación gráfica\Practica1\Debug\Practica11.exe o no lo generó el último vínculo incremental; ejecutando vínculo completo
LINK : warning LNK4098: la biblioteca predeterminada'MSVCRT' entra en conflicto con otras bibliotecas; use la biblioteca /NODEFAULTLIB:biblioteca
  Practica11.vcxproj -> D:\USUARIO\DOCUMENTOS_MECANICO\Facultad de ingenieria\Séptimo semestre\Lab Computación gráfica\Practica1\Debug\Practica11.exe
